[debug] ----------------------------------------------------------------------
[debug] Command:      C:\Program Files\nodejs\node.exe C:\Users\RCanchanyaG\AppData\Roaming\npm\node_modules\firebase-tools\bin\firebase serve
[debug] CLI Version:  3.0.7
[debug] Platform:     win32
[debug] Node Version: v4.4.7
[debug] Time:         Tue Nov 08 2016 16:13:00 GMT-0500 (Hora est. Pacífico, Sudamérica)
[debug] ----------------------------------------------------------------------
[debug] 
[info] Starting Firebase development server...
[info] 
[info] Project Directory: C:\Users\RCanchanyaG\Desktop\AppTrivia
[info] Public Directory: public
[info] 
[info] Server listening at: http://localhost:5000
[debug] ----------------------------------------------------------------------
[debug] Command:      C:\Program Files\nodejs\node.exe C:\Users\RCanchanyaG\AppData\Roaming\npm\node_modules\firebase-tools\bin\firebase serve
[debug] CLI Version:  3.0.7
[debug] Platform:     win32
[debug] Node Version: v4.4.7
[debug] Time:         Thu Nov 10 2016 16:31:47 GMT-0500 (Hora est. Pacífico, Sudamérica)
[debug] ----------------------------------------------------------------------
[debug] 
[info] Starting Firebase development server...
[info] 
[info] Project Directory: C:\Users\RCanchanyaG\Desktop\AppTrivia
[info] Public Directory: public
[info] 
[info] Server listening at: http://localhost:5000
[debug] ----------------------------------------------------------------------
[debug] Command:      C:\Program Files\nodejs\node.exe C:\Users\RCanchanyaG\AppData\Roaming\npm\node_modules\firebase-tools\bin\firebase serve
[debug] CLI Version:  3.0.7
[debug] Platform:     win32
[debug] Node Version: v4.4.7
[debug] Time:         Fri Nov 11 2016 08:45:10 GMT-0500 (Hora est. Pacífico, Sudamérica)
[debug] ----------------------------------------------------------------------
[debug] 
[info] Starting Firebase development server...
[info] 
[info] Project Directory: C:\Users\RCanchanyaG\Desktop\AppTrivia
[info] Public Directory: public
[info] 
[info] Server listening at: http://localhost:5000
